Log file open, 09/01/16 23:01:06
LogInit:Display: Running engine for game: Finger_Dat_Bomb
LogPlatformFile: Not using cached read wrapper
LogInit:Display: RandInit(-1343579988) SRandInit(-1343579988).
LogTaskGraph: Started task graph with 4 named threads and 7 total threads with 1 sets of task threads.
LogStats: Stats thread started at 0.070524
LeapPluginLog: Using LeapPlugin version 2.0.0
LogInit: Version: 4.12.5-3039270+++UE4+Release-4.12
LogInit: API Version: 2992821
LogInit: Net Version: 3039270
LogDevObjectVersion: Number of dev versions registered: 13
LogDevObjectVersion:   Dev-Blueprints (B0D832E4-1F89-4F0D-ACCF-7EB736FD4AA2): 3
LogDevObjectVersion:   Dev-Build (E1C64328-A22C-4D53-A36C-8E866417BD8C): 0
LogDevObjectVersion:   Dev-Core (375EC13C-06E4-48FB-B500-84F0262A717E): 1
LogDevObjectVersion:   Dev-Editor (E4B068ED-F494-42E9-A231-DA0B2E46BB41): 2
LogDevObjectVersion:   Dev-Framework (CFFC743F-43B0-4480-9391-14DF171D2073): 6
LogDevObjectVersion:   Dev-Mobile (B02B49B5-BB20-44E9-A304-32B752E40360): 0
LogDevObjectVersion:   Dev-Networking (A4E4105C-59A1-49B5-A7C5-40C4547EDFEE): 0
LogDevObjectVersion:   Dev-Online (39C831C9-5AE6-47DC-9A44-9C173E1C8E7C): 0
LogDevObjectVersion:   Dev-Physics (78F01B33-EBEA-4F98-B9B4-84EACCB95AA2): 0
LogDevObjectVersion:   Dev-Platform (6631380F-2D4D-43E0-8009-CF276956A95A): 0
LogDevObjectVersion:   Dev-Rendering (12F88B9F-8875-4AFC-A67C-D90C383ABD29): 2
LogDevObjectVersion:   Dev-Sequencer (7B5AE74C-D270-4C10-A958-57980B212A5A): 0
LogDevObjectVersion:   Dev-VR (D7296918-1DD6-4BDD-9DE2-64A83CC13884): 0
LogInit: Compiled (64-bit): Jul  6 2016 09:09:46
LogInit: Compiled with Visual C++: 19.00.23026.00
LogInit: Build Configuration: Development
LogInit: Branch Name: ++UE4+Release-4.12
LogInit: Command line:  
LogInit: Base directory: E:/Program Files (x86)/Epic Games/4.12/Engine/Binaries/Win64/
LogInit: Installed Engine Build: 1
LogInit: Using libcurl 7.41.0
LogInit:  - built for x86_64-pc-win32
LogInit:  - supports SSL with WinSSL
LogInit:  - other features:
LogInit:      CURL_VERSION_SSL
LogInit:      CURL_VERSION_IPV6
LogInit:      CURL_VERSION_ASYNCHDNS
LogInit:      CURL_VERSION_LARGEFILE
LogInit:      CURL_VERSION_IDN
LogInit:  CurlRequestOptions (configurable via config and command line):
LogInit:  - bVerifyPeer = true  - Libcurl will verify peer certificate
LogInit:  - bUseHttpProxy = false  - Libcurl will NOT use HTTP proxy
LogInit:  - bDontReuseConnections = false  - Libcurl will reuse connections
LogInit:  - CertBundlePath = nullptr  - Libcurl will use whatever was configured at build time.
LogInit: Presizing for max 8388607 objects, including 0 objects not considered by GC, pre-allocating 0 bytes for permanent pool.
LogInit: Object subsystem initialized
[2016.09.01-11.01.06:500][  0]LogInit: Selected Device Profile: [Windows]
[2016.09.01-11.01.06:500][  0]LogInit: Applying CVar settings loaded from the selected device profile: [Windows]
[2016.09.01-11.01.06:511][  0]LogInit: Computer: DESKTOP-7582OSN
[2016.09.01-11.01.06:511][  0]LogInit: User: Daxadventures
[2016.09.01-11.01.06:511][  0]LogInit: CPU Page size=65536, Cores=4
[2016.09.01-11.01.06:511][  0]LogInit: High frequency timer resolution =3.312641 MHz
[2016.09.01-11.01.06:511][  0]LogMemory: Memory total: Physical=15.9GB (16GB approx)
[2016.09.01-11.01.06:511][  0]LogMemory: Platform Memory Stats for Windows
[2016.09.01-11.01.06:511][  0]LogMemory: Process Physical Memory: 192.39 MB used, 192.39 MB peak
[2016.09.01-11.01.06:511][  0]LogMemory: Process Virtual Memory: 196.23 MB used, 196.23 MB peak
[2016.09.01-11.01.06:511][  0]LogMemory: Physical Memory: 6983.05 MB used, 16274.07 MB total
[2016.09.01-11.01.06:511][  0]LogMemory: Virtual Memory: 607.16 MB used, 134217728.00 MB total
[2016.09.01-11.01.06:556][  0]LogTextLocalizationManager: No specific translations for ('en-NZ') exist, so ('en') translations will be used.
[2016.09.01-11.01.06:902][  0]LogD3D11RHI: D3D11 adapters:
[2016.09.01-11.01.06:927][  0]LogD3D11RHI:    0. 'NVIDIA GeForce GTX 760' (Feature Level 11_0)
[2016.09.01-11.01.06:927][  0]LogD3D11RHI:       2017/0/8137 MB DedicatedVideo/DedicatedSystem/SharedSystem, Outputs:1, VendorId:0x10de
[2016.09.01-11.01.06:936][  0]LogD3D11RHI:    1. 'Intel(R) HD Graphics 4600' (Feature Level 11_0)
[2016.09.01-11.01.06:936][  0]LogD3D11RHI:       112/0/8137 MB DedicatedVideo/DedicatedSystem/SharedSystem, Outputs:0, VendorId:0x8086
[2016.09.01-11.01.06:938][  0]LogD3D11RHI:    2. 'Microsoft Basic Render Driver' (Feature Level 11_0)
[2016.09.01-11.01.06:938][  0]LogD3D11RHI:       0/0/8137 MB DedicatedVideo/DedicatedSystem/SharedSystem, Outputs:0, VendorId:0x1414
[2016.09.01-11.01.06:938][  0]LogD3D11RHI: Chosen D3D11 Adapter: 0
[2016.09.01-11.01.06:941][  0]LogD3D11RHI: Creating new Direct3DDevice
[2016.09.01-11.01.06:941][  0]LogD3D11RHI:     GPU DeviceId: 0x1187 (for the marketing name, search the web for "GPU Device Id")
[2016.09.01-11.01.06:941][  0]LogWindows: EnumDisplayDevices:
[2016.09.01-11.01.06:942][  0]LogWindows:    0. 'NVIDIA GeForce GTX 760' (P:1 D:1)
[2016.09.01-11.01.06:942][  0]LogWindows:    1. 'NVIDIA GeForce GTX 760' (P:0 D:0)
[2016.09.01-11.01.06:942][  0]LogWindows:    2. 'NVIDIA GeForce GTX 760' (P:0 D:0)
[2016.09.01-11.01.06:942][  0]LogWindows:    3. 'NVIDIA GeForce GTX 760' (P:0 D:0)
[2016.09.01-11.01.06:942][  0]LogWindows:    4. 'Intel(R) HD Graphics 4600' (P:0 D:0)
[2016.09.01-11.01.06:942][  0]LogWindows:    5. 'Intel(R) HD Graphics 4600' (P:0 D:0)
[2016.09.01-11.01.06:942][  0]LogWindows:    6. 'Intel(R) HD Graphics 4600' (P:0 D:0)
[2016.09.01-11.01.06:942][  0]LogWindows: DebugString: PrimaryIsNotTheChoosenAdapter PrimaryIsNotTheChoosenAdapter PrimaryIsNotTheChoosenAdapter FoundDriverCount:4 
[2016.09.01-11.01.06:942][  0]LogD3D11RHI:     Adapter Name: NVIDIA GeForce GTX 760
[2016.09.01-11.01.06:942][  0]LogD3D11RHI:   Driver Version: 372.70 (internal:21.21.13.7270, unified:372.70)
[2016.09.01-11.01.06:942][  0]LogD3D11RHI:      Driver Date: 8-25-2016
[2016.09.01-11.01.06:942][  0]LogRHI: Texture pool is 1361 MB (70% of 1945 MB)
[2016.09.01-11.01.06:955][  0]LogD3D11RHI: Async texture creation enabled
[2016.09.01-11.01.06:975][  0]LogD3D11RHI: GPU Timing Frequency: 1000.000000 (Debug: 2 1)
[2016.09.01-11.01.06:975][  0]LogShaderCompilers: Guid format shader working directory is -42 characters bigger than the processId version (../../../../../../Users/Daxadventures/Documents/MDS RAPID PROTOTYPES/LeapMotion/Leap_motion/Intermediate/Shaders/WorkingDirectory/9716/).
[2016.09.01-11.01.06:975][  0]LogShaderCompilers: Cleaned the shader compiler working directory 'C:/Users/DAXADV~1/AppData/Local/Temp/UnrealShaderWorkingDir/941EAA42468F7F14C8BD9CBA869C523B/'.
[2016.09.01-11.01.06:975][  0]LogShaderCompilers:Display: Using Local Shader Compiler.
[2016.09.01-11.01.07:819][  0]LogTemp:Display: Loaded TP AllDesktopTargetPlatform
[2016.09.01-11.01.07:827][  0]LogTemp:Display: Loaded TP WindowsClientTargetPlatform
[2016.09.01-11.01.07:836][  0]LogTemp:Display: Loaded TP WindowsNoEditorTargetPlatform
[2016.09.01-11.01.07:845][  0]LogTemp:Display: Loaded TP WindowsServerTargetPlatform
[2016.09.01-11.01.07:854][  0]LogTemp:Display: Loaded TP WindowsTargetPlatform
[2016.09.01-11.01.07:863][  0]LogTemp:Display: Loaded TP AndroidTargetPlatform
[2016.09.01-11.01.07:871][  0]LogTemp:Display: Loaded TP Android_ASTCTargetPlatform
[2016.09.01-11.01.07:880][  0]LogTemp:Display: Loaded TP Android_ATCTargetPlatform
[2016.09.01-11.01.07:888][  0]LogTemp:Display: Loaded TP Android_DXTTargetPlatform
[2016.09.01-11.01.07:896][  0]LogTemp:Display: Loaded TP Android_ETC1TargetPlatform
[2016.09.01-11.01.07:904][  0]LogTemp:Display: Loaded TP Android_ETC2TargetPlatform
[2016.09.01-11.01.07:921][  0]LogTemp:Display: Loaded TP Android_MultiTargetPlatform
[2016.09.01-11.01.07:921][  0]LogTemp:Display: Loaded TP Android_PVRTCTargetPlatform
[2016.09.01-11.01.07:923][  0]LogTemp:Display: Loaded TP HTML5TargetPlatform
[2016.09.01-11.01.07:946][  0]LogTemp:Display: Loaded TP IOSTargetPlatform
[2016.09.01-11.01.07:954][  0]LogTemp:Display: Loaded TP TVOSTargetPlatform
[2016.09.01-11.01.07:962][  0]LogTemp:Display: Loaded TP LinuxNoEditorTargetPlatform
[2016.09.01-11.01.07:970][  0]LogTemp:Display: Loaded TP LinuxServerTargetPlatform
[2016.09.01-11.01.07:979][  0]LogTemp:Display: Loaded TP LinuxTargetPlatform
[2016.09.01-11.01.07:979][  0]LogTargetPlatformManager:Display: Building Assets For Windows
[2016.09.01-11.01.08:061][  0]LogDerivedDataCache:Display: Max Cache Size: 512 MB
[2016.09.01-11.01.08:104][  0]LogDerivedDataCache: Loaded boot cache 0.04s 48MB C:/Users/Daxadventures/AppData/Local/UnrealEngine/4.12/DerivedDataCache/Boot.ddc.
[2016.09.01-11.01.08:104][  0]LogDerivedDataCache:Display: Loaded Boot cache: C:/Users/Daxadventures/AppData/Local/UnrealEngine/4.12/DerivedDataCache/Boot.ddc
[2016.09.01-11.01.08:104][  0]LogDerivedDataCache: FDerivedDataBackendGraph:  Pak pak cache file ../../../../../../Users/Daxadventures/Documents/MDS RAPID PROTOTYPES/LeapMotion/Leap_motion/DerivedDataCache/DDC.ddp not found, will not use a pak cache.
[2016.09.01-11.01.08:104][  0]LogDerivedDataCache: Unable to find inner node Pak for hierarchical cache Hierarchy.
[2016.09.01-11.01.08:104][  0]LogDerivedDataCache: FDerivedDataBackendGraph:  CompressedPak pak cache file ../../../../../../Users/Daxadventures/Documents/MDS RAPID PROTOTYPES/LeapMotion/Leap_motion/DerivedDataCache/Compressed.ddp not found, will not use a pak cache.
[2016.09.01-11.01.08:104][  0]LogDerivedDataCache: Unable to find inner node CompressedPak for hierarchical cache Hierarchy.
[2016.09.01-11.01.08:120][  0]LogDerivedDataCache:Display: Pak cache opened for reading ../../../Engine/DerivedDataCache/Compressed.ddp.
[2016.09.01-11.01.08:132][  0]LogDerivedDataCache: Using Local data cache path C:/Users/Daxadventures/AppData/Local/UnrealEngine/Common/DerivedDataCache: Writable
[2016.09.01-11.01.08:282][  0]LogInit: Selected Device Profile: [Windows]
[2016.09.01-11.01.08:282][  0]LogContentStreaming: Texture pool size is 0.00 MB
[2016.09.01-11.01.08:414][  0]LogMeshUtilities: No automatic mesh reduction module available
[2016.09.01-11.01.08:414][  0]LogMeshUtilities: No automatic mesh merging module available
[2016.09.01-11.01.08:414][  0]LogMeshUtilities: No distributed automatic mesh merging module available
[2016.09.01-11.01.08:621][  0]LogAssetRegistry: FAssetRegistry took 0.0218 seconds to start up
[2016.09.01-11.01.08:645][  0]LogPackageLocalizationCache: Processed 4 localized package path(s) for 2 prioritized culture(s) in 0.022129 seconds
[2016.09.01-11.01.08:650][  0]LogUObjectArray: 29424 objects as part of root set at end of initial load.
[2016.09.01-11.01.08:650][  0]LogUObjectAllocator: 5972752 out of 0 bytes used by permanent object pool.
[2016.09.01-11.01.08:650][  0]LogUObjectArray: CloseDisregardForGC: 0/0 objects in disregard for GC pool
[2016.09.01-11.01.08:656][  0]LogInit: WinSock: version 1.1 (2.2), MaxSocks=32767, MaxUdp=65467
[2016.09.01-11.01.08:815][  0]LogSlate: SlateFontCache - WITH_FREETYPE: 1, WITH_HARFBUZZ: 1
[2016.09.01-11.01.08:815][  0]LogSlate: SlateFontCache - WITH_FREETYPE: 1, WITH_HARFBUZZ: 1
[2016.09.01-11.01.09:366][  0]LogUdpMessaging: Initializing bridge on interface 0.0.0.0:0 to multicast group 230.0.0.1:6666.
[2016.09.01-11.01.09:559][  0]SourceControl: Info Source control is disabled
[2016.09.01-11.01.09:559][  0]SourceControl: Info Source control is disabled
[2016.09.01-11.01.09:567][  0]SourceControl: Info Source control is disabled
[2016.09.01-11.01.09:575][  0]SourceControl: Info Source control is disabled
[2016.09.01-11.01.09:624][  0]LogLinker:Warning: Can't find file '/Game/FlyingBP/FlyingOverview'
[2016.09.01-11.01.09:624][  0]LogLinker:Warning: Can't find file '/Game/FlyingBP/FlyingOverview'
[2016.09.01-11.01.09:624][  0]LogUObjectGlobals:Warning: Failed to find object 'Class /Game/FlyingBP/FlyingOverview.FlyingOverview_C'
[2016.09.01-11.01.09:754][  0]LogEngine: Initializing Engine...
[2016.09.01-11.01.09:767][  0]LogHMD: SteamVR failed to initialize.  Err: 108
[2016.09.01-11.01.09:781][  0]LogHMD: SteamVR failed to initialize.  Err: 108
[2016.09.01-11.01.09:901][  0]LogAIModule: Creating AISystem for world NewWorld
[2016.09.01-11.01.09:912][  0]LogInit: XAudio2 using 'Headset Earphone (Plantronics RIG)' : 2 channels at 44.1 kHz using 16 bits per sample (channel mask 0x3)
[2016.09.01-11.01.09:927][  0]LogInit: FAudioDevice initialized.
[2016.09.01-11.01.09:947][  0]LogDerivedDataCache: Saved boot cache 0.02s 48MB C:/Users/Daxadventures/AppData/Local/UnrealEngine/4.12/DerivedDataCache/Boot.ddc.
[2016.09.01-11.01.09:953][  0]LogInit: Texture streaming: Enabled
[2016.09.01-11.01.09:978][  0]LogInit: Transaction tracking system initialized
[2016.09.01-11.01.10:000][  0]BlueprintLog: New page: Editor Load
[2016.09.01-11.01.10:079][  0]LocalizationService: Info Localization service is disabled
[2016.09.01-11.01.10:139][  0]LogConsoleResponse:Display: 
[2016.09.01-11.01.10:221][  0]LogCook:Display: Max memory allowance for cook 8192mb
[2016.09.01-11.01.10:221][  0]LogCook:Display: Mobile HDR setting 1
[2016.09.01-11.01.10:306][  0]LogFileCache: Scanning file cache for directory 'E:/Users/Daxadventures/Documents/MDS RAPID PROTOTYPES/LeapMotion/Leap_motion/Content/' took 0.01s
[2016.09.01-11.01.10:306][  0]SourceControl: Info Source control is disabled
[2016.09.01-11.01.10:306][  0]Cmd: MAP LOAD FILE="../../../Engine/Content/Maps/Templates/Template_Default.umap" TEMPLATE=1 SHOWPROGRESS=1 FEATURELEVEL=3
[2016.09.01-11.01.10:306][  0]LightingResults: New page: Lighting Build
[2016.09.01-11.01.10:308][  0]MapCheck: New page: Map Check
[2016.09.01-11.01.10:308][  0]LightingResults: New page: Lighting Build
[2016.09.01-11.01.10:498][  0]LogAIModule: Creating AISystem for world Untitled_1
[2016.09.01-11.01.10:501][  0]LogEditorServer: Finished looking for orphan Actors (0.000 secs)
[2016.09.01-11.01.10:506][  0]Cmd: MAP CHECKDEP NOCLEARLOG
[2016.09.01-11.01.10:532][  0]MapCheck: Info Map check complete: 0 Error(s), 0 Warning(s), took 25.766ms to complete.
[2016.09.01-11.01.10:532][  0]LogFileHelpers: Loading map 'Template_Default' took 0.226
[2016.09.01-11.01.10:646][  0]LogCollectionManager: Loaded 0 collections in 0.001255 seconds
[2016.09.01-11.01.10:683][  0]LogFileCache: Scanning file cache for directory 'E:/Users/Daxadventures/Documents/MDS RAPID PROTOTYPES/LeapMotion/Leap_motion/Saved/Collections/' took 0.01s
[2016.09.01-11.01.10:683][  0]LogFileCache: Scanning file cache for directory 'E:/Users/Daxadventures/Documents/MDS RAPID PROTOTYPES/LeapMotion/Leap_motion/Content/Developers/Daxadventures/Collections/' took 0.01s
[2016.09.01-11.01.10:683][  0]LogFileCache: Scanning file cache for directory 'E:/Users/Daxadventures/Documents/MDS RAPID PROTOTYPES/LeapMotion/Leap_motion/Content/Collections/' took 0.01s
[2016.09.01-11.01.10:683][  0]LogCollectionManager: Rebuilt the GUID cache for 0 collections in 0.000002 seconds
[2016.09.01-11.01.10:691][  0]LogContentBrowser: Native class hierarchy populated in 0.0070 seconds. Added 2074 classes and 373 folders.
[2016.09.01-11.01.10:694][  0]LogStats: UGameplayTagsManager::ConstructGameplayTagTree: Construct from data asset -  0.000 s
[2016.09.01-11.01.10:694][  0]LogStats: UGameplayTagsManager::ConstructGameplayTagTree: GameplayTagTreeChangedEvent.Broadcast -  0.000 s
[2016.09.01-11.01.10:694][  0]LogContentBrowser: Native class hierarchy updated for 'GameplayTags' in 0.0004 seconds. Added 12 classes and 0 folders.
[2016.09.01-11.01.10:698][  0]LogContentBrowser: Native class hierarchy updated for 'WidgetCarousel' in 0.0003 seconds. Added 0 classes and 0 folders.
[2016.09.01-11.01.10:728][  0]LogContentBrowser: Native class hierarchy updated for 'AddContentDialog' in 0.0004 seconds. Added 0 classes and 0 folders.
[2016.09.01-11.01.10:732][  0]LogContentBrowser: Native class hierarchy updated for 'SceneOutliner' in 0.0003 seconds. Added 1 classes and 2 folders.
[2016.09.01-11.01.10:744][  0]LogCrashTracker: Crashtracker disabled due to settings.
[2016.09.01-11.01.10:750][  0]LogDirectoryWatcher:Warning: Failed to begin reading directory changes for ../../../../../../Users/Daxadventures/Documents/MDS RAPID PROTOTYPES/LeapMotion/Leap_motion/Plugins/. Error: The system cannot find the file specified. (0x00000002)
[2016.09.01-11.01.10:754][  0]LogUObjectGlobals:Warning: Failed to find object 'Class None.'
[2016.09.01-11.01.10:781][  0]LogContentBrowser: Native class hierarchy updated for 'HierarchicalLODOutliner' in 0.0004 seconds. Added 1 classes and 2 folders.
[2016.09.01-11.01.10:781][  0]LogLoad: Full Startup: 5.17 seconds (BP compile: 0.03 seconds)
[2016.09.01-11.01.10:781][  0]LogExternalProfiler: Found external profiler: VSPerf
[2016.09.01-11.01.10:781][  0]LogExternalProfiler: Using external profiler: VSPerf
[2016.09.01-11.01.10:790][  0]LogOcInput: OculusInput pre-init called
[2016.09.01-11.01.10:808][  0]LogContentStreaming: Texture pool size now 1000 MB
[2016.09.01-11.01.10:941][  0]LogRenderer: Reallocating scene render targets to support 1208x576 (Frame:2).
[2016.09.01-11.01.11:030][  2]LogAssetRegistry: Asset discovery search completed in 2.4315 seconds
[2016.09.01-11.01.11:030][  2]LogCollectionManager: Rebuilt the object cache for 0 collections in 0.000001 seconds (found 0 objects)
[2016.09.01-11.01.11:030][  2]LogCollectionManager: Fixed up redirectors for 0 collections in 0.000016 seconds (updated 0 objects)
[2016.09.01-11.01.22:369][119]LogContentBrowser: Native class hierarchy updated for 'BlueprintGraph' in 0.0007 seconds. Added 111 classes and 0 folders.
[2016.09.01-11.01.23:349][119]LogRenderer: Reallocating scene render targets to support 1276x712 (Frame:975).
[2016.09.01-11.01.26:116][431]LogSlate:Warning: Prevented a slow task dialog from being summoned while a context menu was open
[2016.09.01-11.01.29:686][833]LogSlate:Warning: Prevented a slow task dialog from being summoned while a context menu was open
[2016.09.01-11.01.31:975][833]LogBlueprint:Warning: Compiler Warning InputAction Event references unknown Action 'ChangeImageHandTint' for  InputAction ChangeImageHandTint 
[2016.09.01-11.01.31:975][833]LogBlueprint:Warning: Compiler Warning InputAction Event references unknown Action 'ChangeHands' for  InputAction ChangeHands 
[2016.09.01-11.01.31:975][833]LogBlueprint:Warning: Compiler Warning InputAction Event references unknown Action 'ResetHMDOrientation' for  InputAction ResetHMDOrientation 
[2016.09.01-11.01.31:975][833]LogBlueprint:Warning: Compiler Warning InputAction Event references unknown Action 'ComfortTurnRight' for  InputAction ComfortTurnRight 
[2016.09.01-11.01.31:975][833]LogBlueprint:Warning: Compiler Warning InputAction Event references unknown Action 'ComfortTurnLeft' for  InputAction ComfortTurnLeft 
[2016.09.01-11.01.31:975][833]LogBlueprint:Warning: Compiler Warning InputAction Event references unknown Action 'Jump' for  InputAction Jump 
[2016.09.01-11.01.31:975][833]LogBlueprint:Warning: Compiler Warning Input Axis Event references unknown Axis 'LookUpRate' for  InputAxis LookUpRate 
[2016.09.01-11.01.31:975][833]LogBlueprint:Warning: Compiler Warning Input Axis Event references unknown Axis 'TurnRate' for  InputAxis TurnRate 
[2016.09.01-11.01.31:976][833]LogBlueprint:Warning: Compiler Warning Input Axis Event references unknown Axis 'Turn' for  InputAxis Turn 
[2016.09.01-11.01.31:976][833]LogBlueprint:Warning: Compiler Warning Input Axis Event references unknown Axis 'LookUp' for  InputAxis LookUp 
[2016.09.01-11.01.31:976][833]LogBlueprint:Warning: Compiler Warning Input Axis Event references unknown Axis 'MoveRight' for  InputAxis MoveRight 
[2016.09.01-11.01.31:976][833]LogBlueprint:Warning: Compiler Warning Input Axis Event references unknown Axis 'MoveForward' for  InputAxis MoveForward 
[2016.09.01-11.01.31:980][833]LogBlueprint:Warning: Compiler Warning [0026.37] Compile of LeapFloatingHandsCharacter successful, but with 12 Warning(s) [in 11 ms] (/LeapMotion/Blueprints/Rigging/LeapFloatingHandsCharacter.LeapFloatingHandsCharacter)
[2016.09.01-11.01.31:981][833]LogBlueprint:Warning: Compiler Warning [0026.37] Compile of LeapFloatingHandsCharacter successful, but with 13 Warning(s) [in 0 ms] (/LeapMotion/Blueprints/Rigging/LeapFloatingHandsCharacter.LeapFloatingHandsCharacter)
[2016.09.01-11.01.31:981][833]LogBlueprint:Warning: Compiler Warning [0026.37] Compile of LeapFloatingHandsCharacter successful, but with 14 Warning(s) [in 0 ms] (/LeapMotion/Blueprints/Rigging/LeapFloatingHandsCharacter.LeapFloatingHandsCharacter)
[2016.09.01-11.01.31:989][833]LogBlueprint:Warning: Compiler Warning InputAction Event references unknown Action 'ChangeImageHandTint' for  InputAction ChangeImageHandTint 
[2016.09.01-11.01.31:989][833]LogBlueprint:Warning: Compiler Warning InputAction Event references unknown Action 'ChangeHands' for  InputAction ChangeHands 
[2016.09.01-11.01.31:989][833]LogBlueprint:Warning: Compiler Warning InputAction Event references unknown Action 'ResetHMDOrientation' for  InputAction ResetHMDOrientation 
[2016.09.01-11.01.31:989][833]LogBlueprint:Warning: Compiler Warning InputAction Event references unknown Action 'ComfortTurnRight' for  InputAction ComfortTurnRight 
[2016.09.01-11.01.31:989][833]LogBlueprint:Warning: Compiler Warning InputAction Event references unknown Action 'ComfortTurnLeft' for  InputAction ComfortTurnLeft 
[2016.09.01-11.01.31:989][833]LogBlueprint:Warning: Compiler Warning InputAction Event references unknown Action 'Jump' for  InputAction Jump 
[2016.09.01-11.01.31:989][833]LogBlueprint:Warning: Compiler Warning Input Axis Event references unknown Axis 'LookUpRate' for  InputAxis LookUpRate 
[2016.09.01-11.01.31:990][833]LogBlueprint:Warning: Compiler Warning Input Axis Event references unknown Axis 'TurnRate' for  InputAxis TurnRate 
[2016.09.01-11.01.31:990][833]LogBlueprint:Warning: Compiler Warning Input Axis Event references unknown Axis 'Turn' for  InputAxis Turn 
[2016.09.01-11.01.31:990][833]LogBlueprint:Warning: Compiler Warning Input Axis Event references unknown Axis 'LookUp' for  InputAxis LookUp 
[2016.09.01-11.01.31:990][833]LogBlueprint:Warning: Compiler Warning Input Axis Event references unknown Axis 'MoveRight' for  InputAxis MoveRight 
[2016.09.01-11.01.31:990][833]LogBlueprint:Warning: Compiler Warning Input Axis Event references unknown Axis 'MoveForward' for  InputAxis MoveForward 
[2016.09.01-11.01.31:995][833]LogBlueprint:Warning: Compiler Warning [0026.39] Compile of LeapFloatingHandsCharacter successful, but with 12 Warning(s) [in 10 ms] (/LeapMotion/Blueprints/Rigging/LeapFloatingHandsCharacter.LeapFloatingHandsCharacter)
[2016.09.01-11.01.31:995][833]LogBlueprint:Warning: Compiler Warning [0026.39] Compile of LeapFloatingHandsCharacter successful, but with 13 Warning(s) [in 0 ms] (/LeapMotion/Blueprints/Rigging/LeapFloatingHandsCharacter.LeapFloatingHandsCharacter)
[2016.09.01-11.01.31:995][833]LogBlueprint:Warning: Compiler Warning [0026.39] Compile of LeapFloatingHandsCharacter successful, but with 14 Warning(s) [in 0 ms] (/LeapMotion/Blueprints/Rigging/LeapFloatingHandsCharacter.LeapFloatingHandsCharacter)
[2016.09.01-11.01.32:092][833]LogMaterial: Missing cached shader map for material LeapPassthroughPostProcess, compiling. 
[2016.09.01-11.01.32:451][833]LogTexture:Display: Building textures: Icon128 (AutoDXT)
[2016.09.01-11.01.32:585][833]LogAnimationCompression: Building Anim DDC data for AnimSequence /LeapMotion/Character/Basic/Walk.Walk
[2016.09.01-11.01.32:661][833]LogAnimationCompression: Building Anim DDC data for AnimSequence /LeapMotion/Character/Basic/Run.Run
[2016.09.01-11.01.32:687][833]LogAnimationCompression: Building Anim DDC data for AnimSequence /LeapMotion/Character/Basic/Idle.Idle
[2016.09.01-11.01.32:807][833]LogAnimationCompression: Building Anim DDC data for AnimSequence /LeapMotion/Character/Basic/Jump_Start.Jump_Start
[2016.09.01-11.01.32:833][833]LogAnimationCompression: Building Anim DDC data for AnimSequence /LeapMotion/Character/Basic/Jump_Loop.Jump_Loop
[2016.09.01-11.01.32:866][833]LogAnimationCompression: Building Anim DDC data for AnimSequence /LeapMotion/Character/Basic/Jump_End.Jump_End
[2016.09.01-11.01.33:166][833]LogMaterial: Missing cached shader map for material LeapImageHandMate