Log file open, 09/01/16 23:18:25
LogInit:Display: Running engine for game: Finger_Dat_Bomb
LogPlatformFile: Not using cached read wrapper
LogInit:Display: RandInit(1750426134) SRandInit(1750426137).
LogTaskGraph: Started task graph with 4 named threads and 7 total threads with 1 sets of task threads.
LogStats: Stats thread started at 0.119599
LeapPluginLog: Using LeapPlugin version 2.0.0
LogInit: Version: 4.12.5-3039270+++UE4+Release-4.12
LogInit: API Version: 2992821
LogInit: Net Version: 3039270
LogDevObjectVersion: Number of dev versions registered: 13
LogDevObjectVersion:   Dev-Blueprints (B0D832E4-1F89-4F0D-ACCF-7EB736FD4AA2): 3
LogDevObjectVersion:   Dev-Build (E1C64328-A22C-4D53-A36C-8E866417BD8C): 0
LogDevObjectVersion:   Dev-Core (375EC13C-06E4-48FB-B500-84F0262A717E): 1
LogDevObjectVersion:   Dev-Editor (E4B068ED-F494-42E9-A231-DA0B2E46BB41): 2
LogDevObjectVersion:   Dev-Framework (CFFC743F-43B0-4480-9391-14DF171D2073): 6
LogDevObjectVersion:   Dev-Mobile (B02B49B5-BB20-44E9-A304-32B752E40360): 0
LogDevObjectVersion:   Dev-Networking (A4E4105C-59A1-49B5-A7C5-40C4547EDFEE): 0
LogDevObjectVersion:   Dev-Online (39C831C9-5AE6-47DC-9A44-9C173E1C8E7C): 0
LogDevObjectVersion:   Dev-Physics (78F01B33-EBEA-4F98-B9B4-84EACCB95AA2): 0
LogDevObjectVersion:   Dev-Platform (6631380F-2D4D-43E0-8009-CF276956A95A): 0
LogDevObjectVersion:   Dev-Rendering (12F88B9F-8875-4AFC-A67C-D90C383ABD29): 2
LogDevObjectVersion:   Dev-Sequencer (7B5AE74C-D270-4C10-A958-57980B212A5A): 0
LogDevObjectVersion:   Dev-VR (D7296918-1DD6-4BDD-9DE2-64A83CC13884): 0
LogInit: Compiled (64-bit): Jul  6 2016 09:09:46
LogInit: Compiled with Visual C++: 19.00.23026.00
LogInit: Build Configuration: Development
LogInit: Branch Name: ++UE4+Release-4.12
LogInit: Command line:  
LogInit: Base directory: E:/Program Files (x86)/Epic Games/4.12/Engine/Binaries/Win64/
LogInit: Installed Engine Build: 1
LogInit: Using libcurl 7.41.0
LogInit:  - built for x86_64-pc-win32
LogInit:  - supports SSL with WinSSL
LogInit:  - other features:
LogInit:      CURL_VERSION_SSL
LogInit:      CURL_VERSION_IPV6
LogInit:      CURL_VERSION_ASYNCHDNS
LogInit:      CURL_VERSION_LARGEFILE
LogInit:      CURL_VERSION_IDN
LogInit:  CurlRequestOptions (configurable via config and command line):
LogInit:  - bVerifyPeer = true  - Libcurl will verify peer certificate
LogInit:  - bUseHttpProxy = false  - Libcurl will NOT use HTTP proxy
LogInit:  - bDontReuseConnections = false  - Libcurl will reuse connections
LogInit:  - CertBundlePath = nullptr  - Libcurl will use whatever was configured at build time.
LogInit: Presizing for max 8388607 objects, including 0 objects not considered by GC, pre-allocating 0 bytes for permanent pool.
LogInit: Object subsystem initialized
[2016.09.01-11.18.25:554][  0]LogInit: Selected Device Profile: [Windows]
[2016.09.01-11.18.25:554][  0]LogInit: Applying CVar settings loaded from the selected device profile: [Windows]
[2016.09.01-11.18.25:567][  0]LogInit: Computer: DESKTOP-7582OSN
[2016.09.01-11.18.25:567][  0]LogInit: User: Daxadventures
[2016.09.01-11.18.25:567][  0]LogInit: CPU Page size=65536, Cores=4
[2016.09.01-11.18.25:567][  0]LogInit: High frequency timer resolution =3.312640 MHz
[2016.09.01-11.18.25:567][  0]LogMemory: Memory total: Physical=15.9GB (16GB approx)
[2016.09.01-11.18.25:567][  0]LogMemory: Platform Memory Stats for Windows
[2016.09.01-11.18.25:567][  0]LogMemory: Process Physical Memory: 193.52 MB used, 193.52 MB peak
[2016.09.01-11.18.25:567][  0]LogMemory: Process Virtual Memory: 196.18 MB used, 196.18 MB peak
[2016.09.01-11.18.25:567][  0]LogMemory: Physical Memory: 6234.21 MB used, 16274.07 MB total
[2016.09.01-11.18.25:567][  0]LogMemory: Virtual Memory: 607.16 MB used, 134217728.00 MB total
[2016.09.01-11.18.25:628][  0]LogTextLocalizationManager: No specific translations for ('en-NZ') exist, so ('en') translations will be used.
[2016.09.01-11.18.26:057][  0]LogD3D11RHI: D3D11 adapters:
[2016.09.01-11.18.26:099][  0]LogD3D11RHI:    0. 'NVIDIA GeForce GTX 760' (Feature Level 11_0)
[2016.09.01-11.18.26:099][  0]LogD3D11RHI:       2017/0/8137 MB DedicatedVideo/DedicatedSystem/SharedSystem, Outputs:1, VendorId:0x10de
[2016.09.01-11.18.26:107][  0]LogD3D11RHI:    1. 'Intel(R) HD Graphics 4600' (Feature Level 11_0)
[2016.09.01-11.18.26:107][  0]LogD3D11RHI:       112/0/8137 MB DedicatedVideo/DedicatedSystem/SharedSystem, Outputs:0, VendorId:0x8086
[2016.09.01-11.18.26:109][  0]LogD3D11RHI:    2. 'Microsoft Basic Render Driver' (Feature Level 11_0)
[2016.09.01-11.18.26:109][  0]LogD3D11RHI:       0/0/8137 MB DedicatedVideo/DedicatedSystem/SharedSystem, Outputs:0, VendorId:0x1414
[2016.09.01-11.18.26:109][  0]LogD3D11RHI: Chosen D3D11 Adapter: 0
[2016.09.01-11.18.26:115][  0]LogD3D11RHI: Creating new Direct3DDevice
[2016.09.01-11.18.26:115][  0]LogD3D11RHI:     GPU DeviceId: 0x1187 (for the marketing name, search the web for "GPU Device Id")
[2016.09.01-11.18.26:115][  0]LogWindows: EnumDisplayDevices:
[2016.09.01-11.18.26:115][  0]LogWindows:    0. 'NVIDIA GeForce GTX 760' (P:1 D:1)
[2016.09.01-11.18.26:115][  0]LogWindows:    1. 'NVIDIA GeForce GTX 760' (P:0 D:0)
[2016.09.01-11.18.26:115][  0]LogWindows:    2. 'NVIDIA GeForce GTX 760' (P:0 D:0)
[2016.09.01-11.18.26:116][  0]LogWindows:    3. 'NVIDIA GeForce GTX 760' (P:0 D:0)
[2016.09.01-11.18.26:116][  0]LogWindows:    4. 'Intel(R) HD Graphics 4600' (P:0 D:0)
[2016.09.01-11.18.26:116][  0]LogWindows:    5. 'Intel(R) HD Graphics 4600' (P:0 D:0)
[2016.09.01-11.18.26:116][  0]LogWindows:    6. 'Intel(R) HD Graphics 4600' (P:0 D:0)
[2016.09.01-11.18.26:116][  0]LogWindows: DebugString: PrimaryIsNotTheChoosenAdapter PrimaryIsNotTheChoosenAdapter PrimaryIsNotTheChoosenAdapter FoundDriverCount:4 
[2016.09.01-11.18.26:116][  0]LogD3D11RHI:     Adapter Name: NVIDIA GeForce GTX 760
[2016.09.01-11.18.26:116][  0]LogD3D11RHI:   Driver Version: 372.70 (internal:21.21.13.7270, unified:372.70)
[2016.09.01-11.18.26:116][  0]LogD3D11RHI:      Driver Date: 8-25-2016
[2016.09.01-11.18.26:116][  0]LogRHI: Texture pool is 1361 MB (70% of 1945 MB)
[2016.09.01-11.18.26:137][  0]LogD3D11RHI: Async texture creation enabled
[2016.09.01-11.18.26:164][  0]LogD3D11RHI: GPU Timing Frequency: 1000.000000 (Debug: 2 1)
[2016.09.01-11.18.26:168][  0]LogShaderCompilers: Guid format shader working directory is -42 characters bigger than the processId version (../../../../../../Users/Daxadventures/Documents/MDS RAPID PROTOTYPES/LeapMotion/Leap_motion/Intermediate/Shaders/WorkingDirectory/5436/).
[2016.09.01-11.18.26:169][  0]LogShaderCompilers: Cleaned the shader compiler working directory 'C:/Users/DAXADV~1/AppData/Local/Temp/UnrealShaderWorkingDir/49DE847D473CE2D4FC10F7B248411B2D/'.
[2016.09.01-11.18.26:169][  0]LogShaderCompilers:Display: Using Local Shader Compiler.
[2016.09.01-11.18.30:617][  0]LogTemp:Display: Loaded TP AllDesktopTargetPlatform
[2016.09.01-11.18.30:660][  0]LogTemp:Display: Loaded TP WindowsClientTargetPlatform
[2016.09.01-11.18.30:698][  0]LogTemp:Display: Loaded TP WindowsNoEditorTargetPlatform
[2016.09.01-11.18.30:741][  0]LogTemp:Display: Loaded TP WindowsServerTargetPlatform
[2016.09.01-11.18.30:787][  0]LogTemp:Display: Loaded TP WindowsTargetPlatform
[2016.09.01-11.18.30:834][  0]LogTemp:Display: Loaded TP AndroidTargetPlatform
[2016.09.01-11.18.30:870][  0]LogTemp:Display: Loaded TP Android_ASTCTargetPlatform
[2016.09.01-11.18.30:908][  0]LogTemp:Display: Loaded TP Android_ATCTargetPlatform
[2016.09.01-11.18.30:941][  0]LogTemp:Display: Loaded TP Android_DXTTargetPlatform
[2016.09.01-11.18.30:976][  0]LogTemp:Display: Loaded TP Android_ETC1TargetPlatform
[2016.09.01-11.18.31:011][  0]LogTemp:Display: Loaded TP Android_ETC2TargetPlatform
[2016.09.01-11.18.31:085][  0]LogTemp:Display: Loaded TP Android_MultiTargetPlatform
[2016.09.01-11.18.31:085][  0]LogTemp:Display: Loaded TP Android_PVRTCTargetPlatform
[2016.09.01-11.18.31:110][  0]LogTemp:Display: Loaded TP HTML5TargetPlatform
[2016.09.01-11.18.31:275][  0]LogTemp:Display: Loaded TP IOSTargetPlatform
[2016.09.01-11.18.31:313][  0]LogTemp:Display: Loaded TP TVOSTargetPlatform
[2016.09.01-11.18.31:353][  0]LogTemp:Display: Loaded TP LinuxNoEditorTargetPlatform
[2016.09.01-11.18.31:388][  0]LogTemp:Display: Loaded TP LinuxServerTargetPlatform
[2016.09.01-11.18.31:446][  0]LogTemp:Display: Loaded TP LinuxTargetPlatform
[2016.09.01-11.18.31:446][  0]LogTargetPlatformManager:Display: Building Assets For Windows
[2016.09.01-11.18.32:810][  0]LogDerivedDataCache:Display: Max Cache Size: 512 MB
[2016.09.01-11.18.32:995][  0]LogDerivedDataCache: Loaded boot cache 0.19s 48MB C:/Users/Daxadventures/AppData/Local/UnrealEngine/4.12/DerivedDataCache/Boot.ddc.
[2016.09.01-11.18.32:996][  0]LogDerivedDataCache:Display: Loaded Boot cache: C:/Users/Daxadventures/AppData/Local/UnrealEngine/4.12/DerivedDataCache/Boot.ddc
[2016.09.01-11.18.32:996][  0]LogDerivedDataCache: FDerivedDataBackendGraph:  Pak pak cache file ../../../../../../Users/Daxadventures/Documents/MDS RAPID PROTOTYPES/LeapMotion/Leap_motion/DerivedDataCache/DDC.ddp not found, will not use a pak cache.
[2016.09.01-11.18.32:996][  0]LogDerivedDataCache: Unable to find inner node Pak for hierarchical cache Hierarchy.
[2016.09.01-11.18.32:996][  0]LogDerivedDataCache: FDerivedDataBackendGraph:  CompressedPak pak cache file ../../../../../../Users/Daxadventures/Documents/MDS RAPID PROTOTYPES/LeapMotion/Leap_motion/DerivedDataCache/Compressed.ddp not found, will not use a pak cache.
[2016.09.01-11.18.32:996][  0]LogDerivedDataCache: Unable to find inner node CompressedPak for hierarchical cache Hierarchy.
[2016.09.01-11.18.33:099][  0]LogDerivedDataCache:Display: Pak cache opened for reading ../../../Engine/DerivedDataCache/Compressed.ddp.
[2016.09.01-11.18.33:112][  0]LogDerivedDataCache: Using Local data cache path C:/Users/Daxadventures/AppData/Local/UnrealEngine/Common/DerivedDataCache: Writable
[2016.09.01-11.18.41:248][  0]LogInit: Selected Device Profile: [Windows]
[2016.09.01-11.18.41:269][  0]LogContentStreaming: Texture pool size is 0.00 MB
[2016.09.01-11.18.42:803][  0]LogMeshUtilities: No automatic mesh reduction module available
[2016.09.01-11.18.42:803][  0]LogMeshUtilities: No automatic mesh merging module available
[2016.09.01-11.18.42:803][  0]LogMeshUtilities: No distributed automatic mesh merging module available
[2016.09.01-11.18.45:787][  0]LogAssetRegistry: FAssetRegistry took 0.0222 seconds to start up
[2016.09.01-11.18.45:865][  0]LogPackageLocalizationCache: Processed 4 localized package path(s) for 2 prioritized culture(s) in 0.075586 seconds
[2016.09.01-11.18.45:914][  0]LogUObjectArray: 29424 objects as part of root set at end of initial load.
[2016.09.01-11.18.45:914][  0]LogUObjectAllocator: 5972744 out of 0 bytes used by permanent object pool.
[2016.09.01-11.18.45:914][  0]LogUObjectArray: CloseDisregardForGC: 0/0 objects in disregard for GC pool
[2016.09.01-11.18.45:984][  0]LogInit: WinSock: version 1.1 (2.2), MaxSocks=32767, MaxUdp=65467
[2016.09.01-11.18.51:636][  0]LogSlate: SlateFontCache - WITH_FREETYPE: 1, WITH_HARFBUZZ: 1
[2016.09.01-11.18.51:636][  0]LogSlate: SlateFontCache - WITH_FREETYPE: 1, WITH_HARFBUZZ: 1
[2016.09.01-11.19.10:772][  0]LogUdpMessaging: Initializing bridge on interface 0.0.0.0:0 to multicast group 230.0.0.1:6666.
[2016.09.01-11.19.11:981][  0]SourceControl: Info Source control is disabled
[2016.09.01-11.19.11:982][  0]SourceControl: Info Source control is disabled
[2016.09.01-11.19.11:989][  0]SourceControl: Info Source control is disabled
[2016.09.01-11.19.12:026][  0]SourceControl: Info Source control is disabled
[2016.09.01-11.19.12:424][  0]LogLinker:Warning: Can't find file '/Game/FlyingBP/FlyingOverview'
[2016.09.01-11.19.12:424][  0]LogLinker:Warning: Can't find file '/Game/FlyingBP/FlyingOverview'
[2016.09.01-11.19.12:424][  0]LogUObjectGlobals:Warning: Failed to find object 'Class /Game/FlyingBP/FlyingOverview.FlyingOverview_C'
[2016.09.01-11.19.13:307][  0]LogEngine: Initializing Engine...
[2016.09.01-11.19.13:733][  0]LogHMD: SteamVR failed to initialize.  Err: 108
[2016.09.01-11.19.13:746][  0]LogHMD: SteamVR failed to initialize.  Err: 108
[2016.09.01-11.19.14:484][  0]LogAIModule: Creating AISystem for world NewWorld
[2016.09.01-11.19.14:583][  0]LogInit: XAudio2 using 'Headset Earphone (Plantronics RIG)' : 2 channels at 44.1 kHz using 16 bits per sample (channel mask 0x3)
[2016.09.01-11.19.14:594][  0]LogInit: FAudioDevice initialized.
[2016.09.01-11.19.14:617][  0]LogDerivedDataCache: Saved boot cache 0.02s 48MB C:/Users/Daxadventures/AppData/Local/UnrealEngine/4.12/DerivedDataCache/Boot.ddc.
[2016.09.01-11.19.14:623][  0]LogInit: Texture streaming: Enabled
[2016.09.01-11.19.14:900][  0]LogInit: Transaction tracking system initialized
[2016.09.01-11.19.15:104][  0]BlueprintLog: New page: Editor Load
[2016.09.01-11.19.16:067][  0]LocalizationService: Info Localization service is disabled
[2016.09.01-11.19.16:706][  0]LogConsoleResponse:Display: 
[2016.09.01-11.19.18:565][  0]LogCook:Display: Max memory allowance for cook 8192mb
[2016.09.01-11.19.18:565][  0]LogCook:Display: Mobile HDR setting 1
[2016.09.01-11.19.19:380][  0]LogFileCache: Scanning file cache for directory 'E:/Users/Daxadventures/Documents/MDS RAPID PROTOTYPES/LeapMotion/Leap_motion/Content/' took 0.03s
[2016.09.01-11.19.20:519][  0]SourceControl: Info Source control is disabled
[2016.09.01-11.19.20:519][  0]Cmd: MAP LOAD FILE="../../../Engine/Content/Maps/Templates/Template_Default.umap" TEMPLATE=1 SHOWPROGRESS=1 FEATURELEVEL=3
[2016.09.01-11.19.20:574][  0]LightingResults: New page: Lighting Build
[2016.09.01-11.19.20:616][  0]MapCheck: New page: Map Check
[2016.09.01-11.19.20:616][  0]LightingResults: New page: Lighting Build
[2016.09.01-11.19.22:178][  0]LogAIModule: Creating AISystem for world Untitled_1
[2016.09.01-11.19.22:463][  0]LogEditorServer: Finished looking for orphan Actors (0.000 secs)
[2016.09.01-11.19.22:468][  0]Cmd: MAP CHECKDEP NOCLEARLOG
[2016.09.01-11.19.22:497][  0]MapCheck: Info Map check complete: 0 Error(s), 0 Warning(s), took 29.185ms to complete.
[2016.09.01-11.19.22:497][  0]LogFileHelpers: Loading map 'Template_Default' took 1.979
[2016.09.01-11.19.22:848][  0]LogCollectionManager: Loaded 0 collections in 0.001431 seconds
[2016.09.01-11.19.22:887][  0]LogFileCache: Scanning file cache for directory 'E:/Users/Daxadventures/Documents/MDS RAPID PROTOTYPES/LeapMotion/Leap_motion/Saved/Collections/' took 0.01s
[2016.09.01-11.19.22:887][  0]LogFileCache: Scanning file cache for directory 'E:/Users/Daxadventures/Documents/MDS RAPID PROTOTYPES/LeapMotion/Leap_motion/Content/Developers/Daxadventures/Collections/' took 0.01s
[2016.09.01-11.19.22:887][  0]LogFileCache: Scanning file cache for directory 'E:/Users/Daxadventures/Documents/MDS RAPID PROTOTYPES/LeapMotion/Leap_motion/Content/Collections/' took 0.01s
[2016.09.01-11.19.22:887][  0]LogCollectionManager: Rebuilt the GUID cache for 0 collections in 0.000006 seconds
[2016.09.01-11.19.22:894][  0]LogContentBrowser: Native class hierarchy populated in 0.0070 seconds. Added 2074 classes and 373 folders.
[2016.09.01-11.19.22:898][  0]LogStats: UGameplayTagsManager::ConstructGameplayTagTree: Construct from data asset -  0.000 s
[2016.09.01-11.19.22:898][  0]LogStats: UGameplayTagsManager::ConstructGameplayTagTree: GameplayTagTreeChangedEvent.Broadcast -  0.000 s
[2016.09.01-11.19.22:898][  0]LogContentBrowser: Native class hierarchy updated for 'GameplayTags' in 0.0004 seconds. Added 12 classes and 0 folders.
[2016.09.01-11.19.22:902][  0]LogContentBrowser: Native class hierarchy updated for 'WidgetCarousel' in 0.0003 seconds. Added 0 classes and 0 folders.
[2016.09.01-11.19.24:576][  0]LogContentBrowser: Native class hierarchy updated for 'AddContentDialog' in 0.0003 seconds. Added 0 classes and 0 folders.
[2016.09.01-11.19.24:662][  0]LogContentBrowser: Native class hierarchy updated for 'SceneOutliner' in 0.0004 seconds. Added 1 classes and 2 folders.
[2016.09.01-11.19.24:710][  0]LogCrashTracker: Crashtracker disabled due to settings.
[2016.09.01-11.19.24:718][  0]LogDirectoryWatcher:Warning: Failed to begin reading directory changes for ../../../../../../Users/Daxadventures/Documents/MDS RAPID PROTOTYPES/LeapMotion/Leap_motion/Plugins/. Error: The system cannot find the file specified. (0x00000002)
[2016.09.01-11.19.24:742][  0]LogUObjectGlobals:Warning: Failed to find object 'Class None.'
[2016.09.01-11.19.24:802][  0]LogContentBrowser: Native class hierarchy updated for 'HierarchicalLODOutliner' in 0.0003 seconds. Added 1 classes and 2 folders.
[2016.09.01-11.19.24:803][  0]LogLoad: Full Startup: 60.32 seconds (BP compile: 0.21 seconds)
[2016.09.01-11.19.24:803][  0]LogExternalProfiler: Found external profiler: VSPerf
[2016.09.01-11.19.24:803][  0]LogExternalProfiler: Using external profiler: VSPerf
[2016.09.01-11.19.25:177][  0]LogOcInput: OculusInput pre-init called
[2016.09.01-11.19.25:264][  0]LogContentStreaming: Texture pool size now 1000 MB
[2016.09.01-11.19.25:842][  0]LogRenderer: Reallocating scene render targets to support 1208x576 (Frame:2).
[2016.09.01-11.19.26:270][  2]LogAssetRegistry: Asset discovery search completed in 40.5054 seconds
[2016.09.01-11.19.26:270][  2]LogCollectionManager: Rebuilt the object cache for 0 collections in 0.000001 seconds (found 0 objects)
[2016.09.01-11.19.26:270][  2]LogCollectionManager: Fixed up redirectors for 0 collections in 0.000050 seconds (updated 0 objects)
[2016.09.01-11.25.31:550][783]LogBlueprint:Warning: Compiler Warning InputAction Event references unknown Action 'ChangeImageHandTint' for  InputAction ChangeImageHandTint 
[2016.09.01-11.25.31:550][783]LogBlueprint:Warning: Compiler Warning InputAction Event references unknown Action 'ChangeHands' for  InputAction ChangeHands 
[2016.09.01-11.25.31:550][783]LogBlueprint:Warning: Compiler Warning InputAction Event references unknown Action 'ResetHMDOrientation' for  InputAction ResetHMDOrientation 
[2016.09.01-11.25.31:550][783]LogBlueprint:Warning: Compiler Warning InputAction Event references unknown Action 'ComfortTurnRight' for  InputAction ComfortTurnRight 
[2016.09.01-11.25.31:550][783]LogBlueprint:Warning: Compiler Warning InputAction Event references unknown Action 'ComfortTurnLeft' for  InputAction ComfortTurnLeft 
[2016.09.01-11.25.31:550][783]LogBlueprint:Warning: Compiler Warning InputAction Event references unknown Action 'Jump' for  InputAction Jump 
[2016.09.01-11.25.31:550][783]LogBlueprint:Warning: Compiler Warning Input Axis Event references unknown Axis 'LookUpRate' for  InputAxis LookUpRate 
[2016.09.01-11.25.31:550][783]LogBlueprint:Warning: Compiler Warning Input Axis Event references unknown Axis 'TurnRate' for  InputAxis TurnRate 
[2016.09.01-11.25.31:551][783]LogBlueprint:Warning: Compiler Warning Input Axis Event references unknown Axis 'Turn' for  InputAxis Turn 
[2016.09.01-11.25.31:551][783]LogBlueprint:Warning: Compiler Warning Input Axis Event references unknown Axis 'LookUp' for  InputAxis LookUp 
[2016.09.01-11.25.31:551][783]LogBlueprint:Warning: Compiler Warning Input Axis Event references unknown Axis 'MoveRight' for  InputAxis MoveRight 
[2016.09.01-11.25.31:551][783]LogBlueprint:Warning: Compiler Warning Input Axis Event references unknown Axis 'MoveForward' for  InputAxis MoveForward 
[2016.09.01-11.25.31:555][783]LogBlueprint:Warning: Compiler Warning [0427.08] Compile of LeapFloatingHandsCharacter successful, but with 12 Warning(s) [in 10 ms] (/LeapMotion/Blueprints/Rigging/LeapFloatingHandsCharacter.LeapFloatingHandsCharacter)
[2016.09.01-11.25.31:555][783]LogBlueprint:Warning: Compiler Warning [0427.08] Compile of LeapFloatingHandsCharacter successful, but with 13 Warning(s) [in 0 ms] (/LeapMotion/Blueprints/Rigging/LeapFloatingHandsCharacter.LeapFloatingHandsCharacter)
[2016.09.01-11.25.31:555][783]LogBlueprint:Warning: Compiler Warning [0427.08] Compile of LeapFloatingHandsCharacter successful, but with 14 Warning(s) [in 0 ms] (/LeapMotion/Blueprints/Rigging/LeapFloatingHandsCharacter.LeapFloatingHandsCharacter)
[2016.09.01-11.25.31:564][783]LogBlueprint:Warning: Compiler Warning InputAction Event references unknown Action 'ChangeImageHandTint' for  InputAction ChangeImageHandTint 
[2016.09.01-11.25.31:564][783]LogBlueprint:Warning: Compiler Warning InputAction Event references unknown Action 'ChangeHands' for  InputAction ChangeHands 
[2016.09.01-11.25.31:564][783]LogBlueprint:Warning: Compiler Warning InputAction Event references unknown Action 'ResetHMDOrientation' for  InputAction ResetHMDOrientation 
[2016.09.01-11.25.31:564][783]LogBlueprint:Warning: Compiler Warning InputAction Event references unknown Action 'ComfortTurnRight' for  InputAction ComfortTurnRight 
[2016.09.01-11.25.31:564][783]LogBlueprint:Warning: Compiler Warning InputAction Event references unknown Action 'ComfortTurnLeft' for  InputAction ComfortTurnLeft 
[2016.09.01-11.25.31:564][783]LogBlueprint:Warning: Compiler Warning InputAction Event references unknown Action 'Jump' for  InputAction Jump 
[2016.09.01-11.25.31:564][783]LogBlueprint:Warning: Compiler Warning Input Axis Event references unknown Axis 'LookUpRate' for  InputAxis LookUpRate 
[2016.09.01-11.25.31:564][783]LogBlueprint:Warning: Compiler Warning Input Axis Event references unknown Axis 'TurnRate' for  InputAxis TurnRate 
[2016.09.01-11.25.31:564][783]LogBlueprint:Warning: Compiler Warning Input Axis Event references unknown Axis 'Turn' for  InputAxis Turn 
[2016.09.01-11.25.31:564][783]LogBlueprint:Warning: Compiler Warning Input Axis Event references unknown Axis 'LookUp' for  InputAxis LookUp 
[2016.09.01-11.25.31:565][783]LogBlueprint:Warning: Compiler Warning Input Axis Event references unknown Axis 'MoveRight' for  InputAxis MoveRight 
[2016.09.01-11.25.31:565][783]LogBlueprint:Warning: Compiler Warning Input Axis Event references unknown Axis 'MoveForward' for  InputAxis MoveForward 
[2016.09.01-11.25.31:569][783]LogBlueprint:Warning: Compiler Warning [0427.09] Compile of LeapFloatingHandsCharacter successful, but with 12 Warning(s) [in 10 ms] (/LeapMotion/Blueprints/Rigging/LeapFloatingHandsCharacter.LeapFloatingHandsCharacter)
[2016.09.01-11.25.31:569][783]LogBlueprint:Warning: Compiler Warning [0427.09] Compile of LeapFloatingHandsCharacter successful, but with 13 Warning(s) [in 0 ms] (/LeapMotion/Blueprints/Rigging/LeapFloatingHandsCharacter.LeapFloatingHandsCharacter)
[2016.09.01-11.25.31:569][783]LogBlueprint:Warning: Compiler Warning [0427.09] Compile of LeapFloatingHandsCharacter successful, but with 14 Warning(s) [in 0 ms] (/LeapMotion/Blueprints/Rigging/LeapFloatingHandsCharacter.LeapFloatingHandsCharacter)
[2016.09.01-11.25.34:781][ 73]LogBlueprint:Warning: Compiler Warning InputAction Event references unknown Action 'ChangeImageHandTint' for  InputAction ChangeImageHandTint 
[2016.09.01-11.25.34:781][ 73]LogBlueprint:Warning: Compiler Warning InputAction Event references unknown Action 'ChangeHands' for  InputAction ChangeHands 
[2016.09.01-11.25.34:781][ 73]LogBlueprint:Warning: Compiler Warning InputAction Event references unknown Action 'ResetHMDOrientation' for  InputAction ResetHMDOrientation 
[2016.09.01-11.25.34:781][ 73]LogBlueprint:Warning: Compiler Warning InputAction Event references unknown Action 'ComfortTurnRight' for  InputAction ComfortTurnRight 
[2016.09.01-11.25.34:781][ 73]LogBlueprint:Warning: Compiler Warning InputAction Event references unknown Action 'ComfortTurnLeft' for  InputAction ComfortTurnLeft 
[2016.09.01-11.25.34:781][ 73]LogBlueprint:Warning: Compiler Warning InputAction Event references unknown Action 'Jump' for  InputAction Jump 
[2016.09.01-11.25.34:781][ 73]LogBlueprint:Warning: Compiler Warning Input Axis Event references unknown Axis 'LookUpRate' for  InputAxis LookUpRate 
[2016.09.01-11.25.34:782][ 73]LogBlueprint:Warning: Compiler Warning Input Axis Event references unknown Axis 'TurnRate' for  InputAxis TurnRate 
[2016.09.01-11.25.34:782][ 73]LogBlueprint:Warning: Compiler Warning Input Axis Event references unknown Axis 'Turn' for  InputAxis Turn 
[2016.09.01-11.25.34:782][ 73]LogBlueprint:Warning: Compiler Warning Input Axis Event references unknown Axis 'LookUp' for  InputAxis LookUp 
[2016.09.01-11.25.34:783][ 73]LogBlueprint:Warning: Compiler Warning Input Axis Event references unknown Axis 'MoveRight' for  InputAxis MoveRight 
[2016.09.01-11.25.34:783][ 73]LogBlueprint:Warning: Compiler Warning Input Axis Event references unknown Axis 'MoveForward' for  InputAxis MoveForward 
[2016.09.01-11.25.34:789][ 73]LogBlueprint:Warning: Compiler Warning [0430.31] Compile of LeapFloatingHandsCharacter successful, but with 12 Warning(s) [in 24 ms] (/Game/LeapFloatingHandsCharacter.LeapFloatingHandsCharacter)
[2016.09.01-11.25.34:822][ 73]LogBlueprint:Warning: Compiler Warning InputAction Event references unknown Action 'ChangeImageHandTint' for  InputAction ChangeImageHandTint 
[2016.09.01-11.25.34:822][ 73]LogBlueprint:Warning: Compiler Warning InputAction Event references unknown Action 'ChangeHands' for  InputAction ChangeHands 
[2016.09.01-11.25.34:822][ 73]LogBlueprint:Warning: Compiler Warning InputAction Event references unknown Action 'ResetHMDOrientation' for  InputAction ResetHMDOrientation 
[2016.09.01-11.25.34:822][ 73]LogBlueprint:Warning: Compiler Warning InputAction Event references unknown Action 'ComfortTurnRight' for  InputAction ComfortTurnRight 
[2016.09.01-11.25.34:822][ 73]LogBlueprint:Warning: Compiler Warning InputAction Event references unknown Action 'ComfortTurnLeft' for  InputAction ComfortTurnLeft 
[2016.09.01-11.25.34:822][ 73]LogBlueprint:Warning: Compiler Warning InputAction Event references unknown Action 'Jump' for  InputAction Jump 
[2016.09.01-11.25.34:822][ 73]LogBlueprint:Warning: Compiler Warning Input Axis Event references unknown Axis 'LookUpRate' for  InputAxis LookUpRate 
[2016.09.01-11.25.34:823][ 73]LogBlueprint:Warning: Compiler Warning Input Axis Event references unknown Axis 'TurnRate' for  InputAxis TurnRate 
[2016.09.01-11.25.34:823][ 73]LogBlueprint:Warning: Compiler Warning Input Axis Event references unknown Axis 'Turn' for  InputAxis Turn 
[2016.09.01-11.25.34:823][ 73]LogBlueprint:Warning: Compiler Warning Input Axis Event references unknown Axis 'LookUp' for  InputAxis LookUp 
[2016.09.01-11.25.34:824][ 73]LogBlueprint:Warning: Compiler Warning Input Axis Event references unknown Axis 'MoveRight' for  InputAxis MoveRight 
[2016.09.01-11.25.34:824][ 73]LogBlueprint:Warning: Compiler Warning Input Axis Event references unknown Axis 'MoveForward' for  InputAxis MoveForward 
[2016.09.01-11.25.34:831][ 73]LogBlueprint:Warning: Compiler Warning [0430.35] Compile of LeapFloatingHandsCharacter successful, but with 12 Warning(s) [in 24 ms] (/Game/LeapFloatingHandsCharacter.LeapFloatingHandsCharacter)
[2016.09.01-11.25.34:831][ 73]LogBlueprint:Warning: Compiler Warning [0430.35] Compile of LeapFloatingHandsCharacter successful, but with 13 Warning(s) [in 0 ms] (/Game/LeapFloatingHandsCharacter.LeapFloatingHandsCharacter)
[2016.09.01-11.25.34:831][ 73]LogBlueprint:Warning: Compiler Warning [0430.35] Compile of LeapFloatingHandsCharacter successful, but with 14 Warning(s) [in 0 ms] (/Game/LeapFloatingHandsCharacter.LeapFloatingHandsCharacter)
[2016.09.01-11.25.34:910][ 73]LogBlueprint:Warning: Compiler Warning [0430.43] Compile of LeapFloatingHandsCharacter successful, but with 15 Warning(s) [in 79 ms] (/Game/LeapFloatingHandsCharacter.LeapFloatingHandsCharacter)
[2016.09.01-11.25.34:910][ 73]LogBlueprint:Warning: Compiler Warning [0430.43] Compile of LeapFloatingHandsCharacter successful, but with 16 Warning(s) [in 0 ms] (/Game/LeapFloatingHandsCharacter.LeapFloatingHandsCharacter)
[2016.09.01-11.25.34:910][ 73]LogBlueprint:Warning: Compiler Warning [0430.43] Compile of LeapFloatingHandsCharacter successful, but with 17 Warning(s) [in 0 ms] (/Game/LeapFloatingHandsCharacter.LeapFloatingHandsCharacter)
[2016.09.01-11.25.43:655][ 93]LogEditorViewport: Clicking on Actor (LMB): PlayerStart (Player Start)
[2016.09.01-11.26.27:550][580]LogBlueprint:Warning: Compiler Warning InputAction Event references unknown Action 'ChangeImageHandTint' for  InputAction ChangeImageHandTint 
[2016.09.01-11.26.27:550][580]LogBlueprint:Warning: Compiler Warning InputAction Event references unknown Action 'ChangeHands' for  InputAction ChangeHands 
[2016.09.01-11.26.27:550][580]LogBlueprint:Warning: Compiler Warning InputAction Event references unknown Action 'ResetHMDOrientation' for  InputAction ResetHMDOrientation 
[2016.09.01-11.26.27:550][580]LogBlueprint:Warning: Compiler Warning InputAction Event references unknown Action 'ComfortTurnRight' for  InputAction ComfortTurnRight 
[2016.09.01-11.26.27:550][580]LogBlueprint:Warning: Compiler Warning InputAction Event references unknown Action 'ComfortTurnLeft' for  InputAction ComfortTurnLeft 
[2016.09.01-11.26.27:550][580]LogBlueprint:Warning: Compiler Warning InputAction Event references unknown Action 'Jump' for  InputAction Jump 
[2016.09.01-11.26.27:550][580]LogBlueprint:Warning: Compiler Warning Input Axis Event references unknown Axis 'LookUpRate' for  InputAxis LookUpRate 
[2016.09.01-11.26.27:550][580]LogBlueprint:Warning: Compiler Warning Input Axis Event references unknown Axis 'TurnRate' for  InputAxis TurnRate 
[2016.09.01-11.26.27:551][580]LogBlueprint:Warning: Compiler Warning Input Axis Event references unknown Axis 'Turn' for  InputAxis Turn 
[2016.09.01-11.26.27:551][580]LogBlueprint:Warning: Compiler Warning Input Axis Event references unknown Axis 'LookUp' for  InputAxis LookUp 
[2016.09.01-11.26.27:551][580]LogBlueprint:Warning: Compiler Warning Input Axis Event references unknown Axis 'MoveRight' for  InputAxis MoveRight 
[2016.09.01-11.26.27:552][580]LogBlueprint:Warning: Compiler Warning Input Axis Event references unknown Axis 'MoveForward' for  InputAxis MoveForward 
[2016.09.01-11.26.27:558][580]LogBlueprint:Warning: Compiler Warning [0483.08] Compile of Matts_Jazz_Hands successful, but with 12 Warning(s) [in 25 ms] (/Game/Matts_Jazz_Hands.Matts_Jazz_Hands)
[2016.09.01-11.26.27:558][580]LogBlueprint:Warning: Compiler Warning [0483.08] Compile of Matts_Jazz_Hands successful, but with 13 Warning(s) [in 0 ms] (/Game/Matts_Jazz_Hands.Matts_Jazz_Hands)
[2016.09.01-11.26.27:558][580]LogBlueprint:Warning: Compiler Warning [0483.08] Compile of Matts_Jazz_Hands successful, but with 14 Warning(s) [in 0 ms] (/Game/Matts_Jazz_Hands.Matts_Jazz_Hands)
[2016.09.01-11.26.27:634][580]LogBlueprint:Warning: Compiler Warning [0483.16] Compile of Matts_Jazz_Hands successful, but with 15 Warning(s) [in 76 ms] (/Game/Matts_Jazz_Hands.Matts_Jazz_Hands)
[2016.09.01-11.26.27:822][580]LogBlueprint:Warning: Compiler Warning [0483.34] Compile of Matts_Jazz_Hands successful, but with 16 Warning(s) [in 187 ms] (/Game/Matts_Jazz_Hands.Matts_Jazz_Hands)
[2016.09.01-11.26.27:822][580]LogBlueprint:Warning: Compiler Warning [0483.34] Compile of Matts_Jazz_Hands successful, but with 17 Warning(s) [in 0 ms] (/Game/Matts_Jazz_Hands.Matts_Jazz_Hands)
[2016.09.01-11.26.27:822][580]LogBlueprint:Warning: Compiler Warning [0483.34] Compile of Matts_Jazz_Hands successful, but with 18 Warning(s) [in 0 ms] (/Game/Matts_Jazz_Hands.Matts_Jazz_Hands)
[2016.09.01-11.26.27:823][580]LogMetaData: Removing '/Game/Matts_Jazz_Hands.SKEL_Matts_Jazz_Hands_C' ref from Metadata '/Game/LeapFloatingHandsCharacter.PackageMetaData'
[2016.09.01-11.26.27:823][580]LogMetaData: Removing '/Game/Matts_Jazz_Hands.Matts_Jazz_Hands_C' ref from Metadata '/Game/LeapFloatingHandsCharacter.PackageMetaData'
[2016.09.01-11.26.27:841][580]Cmd: OBJ SAVEPACKAGE PACKAGE="/Game/Matts_Jazz_Hands" FILE="../../../../../../Users/Daxadventures/Documents/MDS RAPID PROTOTYPES/LeapMotion/Leap_motion/Content/Matts_Jazz_Hands.uasset" SILENT=true
[2016.09.01-11.26.27:921][580]LogSavePackage: Save=78.66ms
[2016.09.01-11.26.27:921][580]LogSavePackage: Moving '../../../../../../Users/Daxadventures/Documents/MDS RAPID PROTOTYPES/LeapMotion/Leap_motion/Saved/Matts_Jazz_Hands185181F24CE6B31BB75437AF1E0510FD.tmp' to '../../../../../../Users/Daxadventures/Documents/MDS RAPID PROTOTYPES/LeapMotion/Leap_motion/Content/Matts_Jazz_Hands.uasset'
[2016.09.01-11.26.27:924][580]LogSavePackage:Display: Finished SavePackage ../../../../../../Users/Daxadventures/Documents/MDS RAPID PROTOTYPES/LeapMotion/Leap_motion/Content/Matts_Jazz_Hands.uasset
[2016.09.01-11.26.31:626][954]LogContentBrowser: Native class hierarchy updated for 'BlueprintGraph' in 0.0008 seconds. Added 111 classes and 0 folders.
[2016.09.01-11.26.32:671][954]LogRenderer: Reallocating scene render targets to support 1276x712 (Frame:7205).
[2016.09.01-11.26.35:136][196]LogSlate:Warning: Prevented a slow task dialog from being summoned while a context menu was open
[2016.09.01-11.26.44:053][174]LogDirectoryWatcher:Warning: Failed to begin reading directory changes for ../../../../../../Users/Daxadventures/Documents/MDS RAPID PROTOTYPES/LeapMotion/Leap_motion/Plugins/. Error: The system cannot find the file specified. (0x00000002)
[2016.09.01-11.26.57:499][726]LogSlate:Warning: Prevented a slow task dialog from being summoned while a context menu was open
[2016.09.01-11.27.00:763][ 95]LogPlayLevel: PlayLevel: No blueprints needed recompiling
[2016.09.01-11.27.00:789][ 95]PIE: New page: PIE session: Untitled_1 (2/09/2016 11:27:00 am)
[2016.09.01-11.27.00:789][ 95]LogPlayLevel: Creating play world package: /Temp/UEDPIE_0_Untitled_1
[2016.09.01-11.27.00:790][ 95]LogPlayLevel: PIE: StaticDuplicateObject took: (0.001433s)
[2016.09.01-11.27.00:791][ 95]LogAIModule: Creating AISystem for world Untitled_1
[2016.09.01-11.27.00:791][ 95]LogPlayLevel: PIE: World Init took: (0.000627s)
[2016.09.01-11.27.00:791][ 95]LogPlayLevel: PIE: Created PIE world by copying editor world from /Temp/Untitled_1.Untitled_1 to /Temp/UEDPIE_0_Untitled_1.Untitled_1 (0.002295s)
[2016.09.01-11.27.00:825][ 95]LogInit: XAudio2 using 'Headset Earphone (Plantronics RIG)' : 2 channels at 44.1 kHz using 16 bits per sample (channel mask 0x3)
[2016.09.01-11.27.00:830][ 95]LogInit: FAudioDevice initialized.
[2016.09.01-11.27.00:960][ 95]LogWorld: Game class is 'LeapMotion_C'
[2016.09.01-11.27.00:969][ 95]LogWorld: Bringing World /Temp/UEDPIE_0_Untitled_1.Untitled_1 up for play (max tick rate 0) at 2016.09.01-23.27.00
[2016.09.01-11.27.00:969][ 95]LogWorld: Bringing up level for play took: 0.001467
[2016.09.01-11.27.01:006][ 95]LogContentBrowser: Native class hierarchy updated for 'MovieSceneCapture' in 0.0004 seconds. Added 11 classes and 0 folders.
[2016.09.01-11.27.01:011][ 95]PIE: Info Play in editor start time for /Temp/UEDPIE_0_Untitled_1 0.863
[2016.09.01-11.27.11:543][280]LogPlayLevel: PlayLevel: No blueprints needed recompiling
[2016.09.01-11.27.11:544][280]PIE: New page: PIE session: Untitled_1 (2/09/2016 11:27:11 am)
[2016.09.01-11.27.11:544][280]LogPlayLevel: Creating play world package: /Temp/UEDPIE_0_Untitled_1
[2016.09.01-11.27.11:545][280]LogPlayLevel: PIE: StaticDuplicateObject took: (0.001508s)
[2016.09.01-11.27.11:546][280]LogAIModule: Creating AISystem for world Untitled_1
[2016.09.01-11.27.11:546][280]LogPlayLevel: PIE: World Init took: (0.000464s)
[2016.09.01-11.27.11:546][280]LogPlayLevel: PIE: Created PIE world by copying editor world from /Temp/Untitled_1.Untitled_1 to /Temp/UEDPIE_0_Untitled_1.Untitled_1 (0.002137s)
[2016.09.01-11.27.11:569][280]LogInit: XAudio2 using 'Headset Earphone (Plantronics RIG)' : 2 channels at 44.1 kHz using 16 bits per sample (channel mask 0x3)
[2016.09.01-11.27.11:574][280]LogInit: FAudioDevice initialized.
[2016.09.01-11.27.11:622][280]LogWorld: Game class is 'LeapMotion_C'
[2016.09.01-11.27.11:624][280]LogWorld: Bringing World /Temp/UEDPIE_0_Untitled_1.Untitled_1 up for play (max tick rate 0) at 2016.09.01-23.27.11
[2016.09.01-11.27.11:624][280]LogWorld: Bringing up level for play took: 0.001284
[2016.09.01-11.27.11:624][280]PIE: Info Play in editor start time for /Temp/UEDPIE_0_Untitled_1 -0.523
[2016.09.01-11.27.16:383][808]LeapPluginLog: InterfaceObject: LeapAnimBodyConnector_C_0
[2016.09.01-11.27.21:652][185]BlueprintLog: New page: Compile Matts_Jazz_Hands
[2016.09.01-11.27.21:681][185]LogBlueprint:Warning: Compiler Warning InputAction Event references unknown Action 'ChangeImageHandTint' for  InputAction ChangeImageHandTint 
[2016.09.01-11.27.21:681][185]LogBlueprint:Warning: Compiler Warning InputAction Event references unknown Action 'ChangeHands' for  InputAction ChangeHands 
[2016.09.01-11.27.21:681][185]LogBlueprint:Warning: Compiler Warning InputAction Event references unknown Action 'ResetHMDOrientation' for  InputAction ResetHMDOrientation 
[2016.09.01-11.27.21:682][185]LogBlueprint:Warning: Compiler Warning InputAction Event references unknown Action 'ComfortTurnRight' for  InputAction ComfortTurnRight 
[2016.09.01-11.27.21:682][185]LogBlueprint:Warning: Compiler Warning InputAction Event references unknown Action 'ComfortTurnLeft' for  InputAction ComfortTurnLeft 
[2016.09.01-11.27.21:682][185]LogBlueprint:Warning: Compiler Warning InputAction Event references unknown Action 'Jump' for  InputAction Jump 
[2016.09.01-11.27.21:682][185]LogBlueprint:Warning: Compiler Warning Input Axis Event references unknown Axis 'LookUpRate' for  InputAxis LookUpRate 
[2016.09.01-11.27.21:682][185]LogBlueprint:Warning: Compiler Warning Input Axis Event references unknown Axis 'TurnRate' for  InputAxis TurnRate 
[2016.09.01-11.27.21:682][185]LogBlueprint:Warning: Compiler Warning Input Axis Event references unknown Axis 'Turn' for  InputAxis Turn 
[2016.09.01-11.27.21:682][185]LogBlueprint:Warning: Compiler Warning Input Axis Event references unknown Axis 'LookUp' for  InputAxis LookUp 
[2016.09.01-11.27.21:682][185]LogBlueprint:Warning: Compiler Warning Input Axis Event references unknown Axis 'MoveRight' for  InputAxis MoveRight 
[2016.09.01-11.27.21:682][185]LogBlueprint:Warning: Compiler Warning Input Axis Event references unknown Axis 'MoveForward' for  InputAxis MoveForward 
[2016.09.01-11.27.21:764][185]LeapPluginLog: InterfaceObject: LeapAnimBodyConnector_C_2
[2016.09.01-11.27.21:871][185]LeapPluginLog: InterfaceObject: LeapAnimBodyConnector_C_4
[2016.09.01-11.27.21:875][185]LeapPluginLog: InterfaceObject: LeapAnimBodyConnector_C_6
[2016.09.01-11.27.21:882][185]LogBlueprint:Warning: Compiler Warning [0537.40] Compile of Matts_Jazz_Hands successful, but with 12 Warning(s) [in 228 ms] (/Game/Matts_Jazz_Hands.Matts_Jazz_Hands)
[2016.09.01-11.27.21:882][185]BlueprintEditorCompileResults:Warning: Warning InputAction Event references unknown Action 'ChangeImageHandTint' for  InputAction ChangeImageHandTint 
[2016.09.01-11.27.21:882][185]BlueprintEditorCompileResults:Warning: Warning InputAction Event references unknown Action 'ChangeHands' for  InputAction ChangeHands 
[2016.09.01-11.27.21:882][185]BlueprintEditorCompileResults:Warning: Warning InputAction Event references unknown Action 'ResetHMDOrientation' for  InputAction ResetHMDOrientation 
[2016.09.01-11.27.21:882][185]BlueprintEditorCompileResults:Warning: Warning InputAction Event references unknown Action 'ComfortTurnRight' for  InputAction ComfortTurnRight 
[2016.09.01-11.27.21:882][185]BlueprintEditorCompileResults:Warning: Warning InputAction Event references unknown Action 'ComfortTurnLeft' for  InputAction ComfortTurnLeft 
[2016.09.01-11.27.21:882][185]BlueprintEditorCompileResults:Warning: Warning InputAction Event references unknown Action 'Jump' for  InputAction Jump 
[2016.09.01-11.27.21:882][185]BlueprintEditorCompileResults:Warning: Warning Input Axis Event references unknown Axis 'LookUpRate' for  InputAxis LookUpRate 
[2016.09.01-11.27.21:882][185]BlueprintEditorCompileResults:Warning: Warning Input Axis Event references unknown Axis 'TurnRate' for  InputAxis TurnRate 
[2016.09.01-11.27.21:882][185]BlueprintEditorCompileResults:Warning: Warning Input Axis Event references unknown Axis 'Turn' for  InputAxis Turn 
[2016.09.01-11.27.21:882][185]BlueprintEditorCompileResults:Warning: Warning Input Axis Event references unknown Axis 'LookUp' for  InputAxis LookUp 
[2016.09.01-11.27.21:882][185]BlueprintEditorCompileResults:Warning: Warning Input Axis Event references unknown Axis 'MoveRight' for  InputAxis MoveRight 
[2016.09.01-11.27.21:882][185]BlueprintEditorCompileResults:Warning: Warning Input Axis Event references unknown Axis 'MoveForward' for  InputAxis MoveForward 
[2016.09.01-11.27.21:882][185]BlueprintEditorCompileResults:Warning: Warning [0537.40] Compile of Matts_Jazz_Hands successful, but with 12 Warning(s) [in 228 ms] (/Game/Matts_Jazz_Hands.Matts_Jazz_Hands)
[2016.09.01-11.27.29:152][750]LogPlayLevel: PlayLevel: No blueprints needed recompiling
[2016.09.01-11.27.29:153][750]PIE: New page: PIE session: Untitled_1 (2/09/2016 11:27:29 am)
[2016.09.01-11.27.29:153][750]LogPlayLevel: Creating play world package: /Temp/UEDPIE_0_Untitled_1
[2016.09.01-11.27.29:154][750]LogPlayLevel: PIE: StaticDuplicateObject took: (0.001501s)
[2016.09.01-11.27.29:155][750]LogAIModule: Creating AISystem for world Untitled_1
[2016.09.01-11.27.29:155][750]LogPlayLevel: PIE: World Init took: (0.000716s)
[2016.09.01-11.27.29:155][750]LogPlayLevel: PIE: Created PIE world by copying editor world from /Temp/Untitled_1.Untitled_1 to /Temp/UEDPIE_0_Untitled_1.Untitled_1 (0.002401s)
[2016.09.01-11.27.29:224][750]LogInit: XAudio2 using 'Headset Earphone (Plantronics RIG)' : 2 channels at 44.1 kHz using 16 bits per sample (channel mask 0x3)
[2016.09.01-11.27.29:229][750]LogInit: FAudioDevice initialized.
[2016.09.01-11.27.29:274][750]LogWorld: Game class is 'LeapMotion_C'
[2016.09.01-11.27.29:276][750]LogWorld: Bringing World /Temp/UEDPIE_0_Untitled_1.Untitled_1 up for play (max tick rate 0) at 2016.09.01-23.27.29
[2016.09.01-11.27.29:276][750]LogWorld: Bringing up level for play took: 0.001246
[2016.09.01-11.27.29:277][750]PIE: Info Play in editor start time for /Temp/UEDPIE_0_Untitled_1 -0.871
[2016.09.01-11.27.34:745][362]LogSlate:Warning: Prevented a slow task dialog from being summoned while a context menu was open
[2016.09.01-11.27.41:492][147]LogPlayLevel: PlayLevel: No blueprints needed recompiling
[2016.09.01-11.27.41:493][147]PIE: New page: PIE session: Untitled_1 (2/09/2016 11:27:41 am)
[2016.09.01-11.27.41:493][147]LogPlayLevel: Creating play world package: /Temp/UEDPIE_0_Untitled_1
[2016.09.01-11.27.41:494][147]LogPlayLevel: PIE: StaticDuplicateObject took: (0.001313s)
[2016.09.01-11.27.41:495][147]LogAIModule: Creating AISystem for world Untitled_1
[2016.09.01-11.27.41:495][147]LogPlayLevel: PIE: World Init took: (0.000654s)
[2016.09.01-11.27.41:495][147]LogPlayLevel: PIE: Created PIE world by copying editor world from /Temp/Untitled_1.Untitled_1 to /Temp/UEDPIE_0_Untitled_1.Untitled_1 (0.002263s)
[2016.09.01-11.27.41:519][147]LogInit: XAudio2 using 'Headset Earphone (Plantronics RIG)' : 2 channels at 44.1 kHz using 16 bits per sample (channel mask 0x3)
[2016.09.01-11.27.41:524][147]LogInit: FAudioDevice initialized.
[2016.09.01-11.27.41:574][147]LogWorld: Game class is 'LeapMotion_C'
[2016.09.01-11.27.41:577][147]LogWorld: Bringing World /Temp/UEDPIE_0_Untitled_1.Untitled_1 up for play (max tick rate 0) at 2016.09.01-23.27.41
[2016.09.01-11.27.41:577][147]LogWorld: Bringing up level for play took: 0.001205
[2016.09.01-11.27.41:578][147]PIE: Info Play in editor start time for /Temp/UEDPIE_0_Untitled_1 -0.57
[2016.09.01-11.28.07:476][166]Cmd: UpdateLandscapeSetup
[2016.09.01-11.28.20:995][745]LogPlayLevel: PlayLevel: No blueprints needed recompiling
[2016.09.01-11.28.20:995][745]PIE: New page: PIE session: Untitled_1 (2/09/2016 11:28:20 am)
[2016.09.01-11.28.20:995][745]LogPlayLevel: Creating play world package: /Temp/UEDPIE_0_Untitled_1
[2016.09.01-11.28.20:996][745]LogPlayLevel: PIE: StaticDuplicateObject took: (0.001298s)
[2016.09.01-11.28.20:997][745]LogAIModule: Creating AISystem for world Untitled_1
[2016.09.01-11.28.20:997][745]LogPlayLevel: PIE: World Init took: (0.000566s)
[2016.09.01-11.28.20:997][745]LogPlayLevel: PIE: Created PIE world by copying editor world from /Temp/Untitled_1.Untitled_1 to /Temp/UEDPIE_0_Untitled_1.Untitled_1 (0.002045s)
[2016.09.01-11.28.21:022][745]LogInit: XAudio2 using 'Headset Earphone (Plantronics RIG)' : 2 channels at 44.1 kHz using 16 bits per sample (channel mask 0x3)
[2016.09.01-11.28.21:027][745]LogInit: FAudioDevice initialized.
[2016.09.01-11.28.21:072][745]LogWorld: Game class is 'LeapMotion_C'
[2016.09.01-11.28.21:074][745]LogWorld: Bringing World /Temp/UEDPIE_0_Untitled_1.Untitled_1 up for play (max tick rate 0) at 2016.09.01-23.28.21
[2016.09.01-11.28.21:074][745]LogWorld: Bringing up level for play took: 0.001155
[2016.09.01-11.28.21:074][745]PIE: Info Play in editor start time for /Temp/UEDPIE_0_Untitled_1 0.927
[2016.09.01-11.28.23:778][ 66]Set new viewmode: Wireframe
[2016.09.01-11.28.24:938][205]Set new viewmode: Wireframe
[2016.09.01-11.28.25:317][250]Set new viewmode: Wireframe
[2016.09.01-11.28.25:692][295]Set new viewmode: Wireframe
[2016.09.01-11.28.27:874][543]LogPlayLevel: PlayLevel: No blueprints needed recompiling
[2016.09.01-11.28.27:874][543]PIE: New page: PIE session: Untitled_1 (2/09/2016 11:28:27 am)
[2016.09.01-11.28.27:874][543]LogPlayLevel: Creating play world package: /Temp/UEDPIE_0_Untitled_1
[2016.09.01-11.28.27:874][543]LogPlayLevel: PIE: StaticDuplicateObject took: (0.001368s)
[2016.09.01-11.28.27:876][543]LogAIModule: Creating AISystem for world Untitled_1
[2016.09.01-11.28.27:876][543]LogPlayLevel: PIE: World Init took: (0.000802s)
[2016.09.01-11.28.27:876][543]LogPlayLevel: PIE: Created PIE world by copying editor world from /Temp/Untitled_1.Untitled_1 to /Temp/UEDPIE_0_Untitled_1.Untitled_1 (0.002438s)
[2016.09.01-11.28.27:902][543]LogInit: XAudio2 using 'Headset Earphone (Plantronics RIG)' : 2 channels at 44.1 kHz using 16 bits per sample (channel mask 0x3)
[2016.09.01-11.28.27:907][543]LogInit: FAudioDevice initialized.
[2016.09.01-11.28.27:949][543]LogWorld: Game class is 'LeapMotion_C'
[2016.09.01-11.28.27:952][543]LogWorld: Bringing World /Temp/UEDPIE_0_Untitled_1.Untitled_1 up for play (max tick rate 0) at 2016.09.01-23.28.27
[2016.09.01-11.28.27:952][543]LogWorld: Bringing up level for play took: 0.001160
[2016.09.01-11.28.27:953][543]PIE: Info Play in editor start time for /Temp/UEDPIE_0_Untitled_1 -0.195
[2016.09.01-11.28.41:285][  2]BlueprintLog: New page: Compile LeapMotion
[2016.09.01-11.28.41:426][  2]BlueprintEditorCompileResults: Info [0616.95] Compile of LeapMotion successful! [in 140 ms] (/Game/LeapMotion.LeapMotion)
[2016.09.01-11.28.43:386][226]LogPlayLevel: PlayLevel: No blueprints needed recompiling
[2016.09.01-11.28.43:386][226]PIE: New page: PIE session: Untitled_1 (2/09/2016 11:28:43 am)
[2016.09.01-11.28.43:386][226]LogPlayLevel: Creating play world package: /Temp/UEDPIE_0_Untitled_1
[2016.09.01-11.28.43:388][226]LogPlayLevel: PIE: StaticDuplicateObject took: (0.001511s)
[2016.09.01-11.28.43:388][226]LogAIModule: Creating AISystem for world Untitled_1
[2016.09.01-11.28.43:388][226]LogPlayLevel: PIE: World Init took: (0.000692s)
[2016.09.01-11.28.43:388][226]LogPlayLevel: PIE: Created PIE world by copying editor world from /Temp/Untitled_1.Untitled_1 to /Temp/UEDPIE_0_Untitled_1.Untitled_1 (0.002407s)
[2016.09.01-11.28.43:413][226]LogInit: XAudio2 using 'Headset Earphone (Plantronics RIG)' : 2 channels at 44.1 kHz using 16 bits per sample (channel mask 0x3)
[2016.09.01-11.28.43:418][226]LogInit: FAudioDevice initialized.
[2016.09.01-11.28.43:460][226]LogWorld: Game class is 'LeapMotion_C'
[2016.09.01-11.28.43:462][226]LogWorld: Bringing World /Temp/UEDPIE_0_Untitled_1.Untitled_1 up for play (max tick rate 0) at 2016.09.01-23.28.43
[2016.09.01-11.28.43:462][226]LogWorld: Bringing up level for play took: 0.001165
[2016.09.01-11.28.43:464][226]LeapPluginLog: InterfaceObject: LeapAnimBodyConnector_C_0
[2016.09.01-11.28.43:466][226]Cmd: stereo reset
[2016.09.01-11.28.43:466][226]Command not recognized: stereo reset
[2016.09.01-11.28.43:467][226]PIE: Info Play in editor start time for /Temp/UEDPIE_0_Untitled_1 -0.682
[2016.09.01-11.28.43:950][282]LogScriptCore:Warning: Divide by zero
Script call stack:
	Function /LeapMotion/Character/Echo/LeapEchoHands_AnimBlueprint.LeapEchoHands_AnimBlueprint_C:BlueprintUpdateAnimation
	Function /LeapMotion/Character/Echo/LeapEchoHands_AnimBlueprint.LeapEchoHands_AnimBlueprint_C:ExecuteUbergraph_LeapEchoHands_AnimBlueprint
	Function /LeapMotion/Character/Echo/LeapEchoHands_AnimBlueprint.LeapEchoHands_AnimBlueprint_C:Set Scaling If Enabled


[2016.09.01-11.28.43:950][282]LogScriptCore:Warning: Divide by zero
Script call stack:
	Function /LeapMotion/Character/Echo/LeapEchoHands_AnimBlueprint.LeapEchoHands_AnimBlueprint_C:BlueprintUpdateAnimation
	Function /LeapMotion/Character/Echo/LeapEchoHands_AnimBlueprint.LeapEchoHands_AnimBlueprint_C:ExecuteUbergraph_LeapEchoHands_AnimBlueprint
	Function /LeapMotion/Character/Echo/LeapEchoHands_AnimBlueprint.LeapEchoHands_AnimBlueprint_C:Set Scaling If Enabled


[2016.09.01-11.30.08:124][911]LogSavePackage: Save=251.01ms
[2016.09.01-11.30.08:124][911]LogSavePackage: Moving '../../../../../../Users/Daxadventures/Documents/MDS RAPID PROTOTYPES/LeapMotion/Leap_motion/Saved/Untitled_1_Auto125707F2E473CB54E9598388D28362762.tmp' to '../../../../../../Users/Daxadventures/Documents/MDS RAPID PROTOTYPES/LeapMotion/Leap_motion/Saved/Autosaves/Temp/Untitled_1_Auto1.umap'
[2016.09.01-11.30.08:126][911]LogSavePackage:Display: Finished SavePackage ../../../../../../Users/Daxadventures/Documents/MDS RAPID PROTOTYPES/LeapMotion/Leap_motion/Saved/Autosaves/Temp/Untitled_1_Auto1.umap
[2016.09.01-11.30.08:143][911]LogFileHelpers: Editor autosave (incl. sublevels) for '/Temp/Untitled_1' took 0.298
[2016.09.01-11.30.08:143][911]LogFileHelpers: Editor autosave (incl. sublevels) for all levels took 0.298
[2016.09.01-11.30.08:158][911]LogSavePackage: Save=6.49ms
[2016.09.01-11.30.08:158][911]LogSavePackage: Moving '../../../../../../Users/Daxadventures/Documents/MDS RAPID PROTOTYPES/LeapMotion/Leap_motion/Saved/LeapFloatingHandsCharacter_Auto1066077AA477B1E119DDA03B44B5AD707.tmp' to '../../../../../../Users/Daxadventures/Documents/MDS RAPID PROTOTYPES/LeapMotion/Leap_motion/Saved/Autosaves/Game/LeapFloatingHandsCharacter_Auto1.uasset'
[2016.09.01-11.30.08:159][911]LogSavePackage:Display: Finished SavePackage ../../../../../../Users/Daxadventures/Documents/MDS RAPID PROTOTYPES/LeapMotion/Leap_motion/Saved/Autosaves/Game/LeapFloatingHandsCharacter_Auto1.uasset
[2016.09.01-11.30.08:161][911]OBJ SavePackage: Generating thumbnails for [0] asset(s) in package [/Game/LeapMotion] ([1] browsable assets)...
[2016.09.01-11.30.08:161][911]OBJ SavePackage: Finished generating thumbnails for package [/Game/LeapMotion]
[2016.09.01-11.30.08:173][911]LogSavePackage: Save=10.66ms
[2016.09.01-11.30.08:173][911]LogSavePackage: Moving '../../../../../../Users/Daxadventures/Documents/MDS RAPID PROTOTYPES/LeapMotion/Leap_motion/Saved/LeapMotion_Auto1C66A3E2745CFC5C91BCA3A99FF605164.tmp' to '../../../../../../Users/Daxadventures/Documents/MDS RAPID PROTOTYPES/LeapMotion/Leap_motion/Saved/Autosaves/Game/LeapMotion_Auto1.uasset'
[2016.09.01-11.30.08:173][911]LogSavePackage:Display: Finished SavePackage ../../../../../../Users/Daxadventures/Documents/MDS RAPID PROTOTYPES/LeapMotion/Leap_motion/Saved/Autosaves/Game/LeapMotion_Auto1.uasset
[2016.09.01-11.30.08:173][911]LogFileHelpers: Auto-saving content packages took 0.028
[2016.09.01-11.33.48:955][568]LogD3D11RHI:Error: Direct3DDevice->CreateBuffer(&Desc, NULL, UniformBufferResource.GetInitReference()) failed 
 at D:\Build\++UE4+Release-4.12+Compile\Sync\Engine\Source\Runtime\Windows\D3D11RHI\Private\D3D11UniformBuffer.cpp:159 
 with error DXGI_ERROR_DEVICE_REMOVED
[2016.09.01-11.33.48:957][568]LogWindows: Windows GetLastError: The operation completed successfully. (0)
[2016.09.01-11.33.49:631][568]LogCrashTracker: 


[2016.09.01-11.33.49:637][568]LogWindows: Windows GetLastError: The operation completed successfully. (0)
[2016.09.01-11.33.49:637][568]LogCrashTracker: 


[2016.09.01-11.33.49:637][568]LogWindows:Error: === Critical error: ===
Fatal error: [File:D:\Build\++UE4+Release-4.12+Compile\Sync\Engine\Source\Runtime\RenderCore\Private\RenderingThread.cpp] [Line: 717] 
Rendering thread exception:
Fatal error: [File:D:\Build\++UE4+Release-4.12+Compile\Sync\Engine\Source\Runtime\Windows\D3D11RHI\Private\D3D11Util.cpp] [Line: 180] 
Unreal Engine is exiting due to D3D device being lost. D3D device was not available to assertain DXGI cause.







[2016.09.01-11.33.49:661][568]LogExit: Executing StaticShutdownAfterError
[2016.09.01-11.33.49:676][568]LogWindows: FPlatformMisc::RequestExit(1)
[2016.09.01-11.33.49:676][568]Log file closed, 09/01/16 23:33:49
